0 info it worked if it ends with ok
1 verbose cli [ 'node',
1 verbose cli   '/home/miguel/.nvm/v0.12.2/bin/npm',
1 verbose cli   '-g',
1 verbose cli   'install',
1 verbose cli   'weinre' ]
2 info using npm@2.13.0
3 info using node@v0.12.2
4 verbose install initial load of /home/miguel/.nvm/v0.12.2/lib/package.json
5 verbose readDependencies loading dependencies from /home/miguel/.nvm/v0.12.2/lib/package.json
6 silly cache add args [ 'weinre', null ]
7 verbose cache add spec weinre
8 silly cache add parsed spec { raw: 'weinre',
8 silly cache add   scope: null,
8 silly cache add   name: 'weinre',
8 silly cache add   rawSpec: '',
8 silly cache add   spec: '*',
8 silly cache add   type: 'range' }
9 silly addNamed weinre@*
10 verbose addNamed "*" is a valid semver range for weinre
11 silly addNameRange { name: 'weinre', range: '*', hasData: false }
12 silly mapToRegistry name weinre
13 silly mapToRegistry using default registry
14 silly mapToRegistry registry https://registry.npmjs.org/
15 silly mapToRegistry uri https://registry.npmjs.org/weinre
16 verbose addNameRange registry:https://registry.npmjs.org/weinre not in flight; fetching
17 verbose request uri https://registry.npmjs.org/weinre
18 verbose request no auth needed
19 info attempt registry request try #1 at 3:43:28 PM
20 verbose request id c7f45ce3f63376ae
21 verbose etag "34N2UQKETK3L7FOSSWZ4Y1A21"
22 http request GET https://registry.npmjs.org/weinre
23 http 304 https://registry.npmjs.org/weinre
24 silly get cb [ 304,
24 silly get   { date: 'Sun, 02 Aug 2015 20:43:28 GMT',
24 silly get     via: '1.1 varnish',
24 silly get     'cache-control': 'max-age=60',
24 silly get     etag: '"34N2UQKETK3L7FOSSWZ4Y1A21"',
24 silly get     age: '0',
24 silly get     connection: 'keep-alive',
24 silly get     'x-served-by': 'cache-jfk1031-JFK',
24 silly get     'x-cache': 'HIT',
24 silly get     'x-cache-hits': '1',
24 silly get     'x-timer': 'S1438548208.969632,VS0,VE19',
24 silly get     vary: 'Accept' } ]
25 verbose etag https://registry.npmjs.org/weinre from cache
26 verbose get saving weinre to /home/miguel/.npm/registry.npmjs.org/weinre/.cache.json
27 silly addNameRange number 2 { name: 'weinre', range: '*', hasData: true }
28 silly addNameRange versions [ 'weinre',
28 silly addNameRange   [ '2.0.0-pre-H0WTHDO5-incubating',
28 silly addNameRange     '2.0.0-pre-H1GCS73N-incubating',
28 silly addNameRange     '2.0.0-pre-H3FWTQKQ-incubating',
28 silly addNameRange     '2.0.0-pre-H41DGW8S-incubating',
28 silly addNameRange     '2.0.0-pre-H8EOSCLN-incubating',
28 silly addNameRange     '2.0.0-pre-H9PU2WST-incubating',
28 silly addNameRange     '2.0.0-pre-HA5N9T49',
28 silly addNameRange     '2.0.0-pre-HG9PLCRF',
28 silly addNameRange     '2.0.0-pre-HH0SN197',
28 silly addNameRange     '2.0.0-pre-HYFXM3QM',
28 silly addNameRange     '2.0.0-pre-HZ79PDUK',
28 silly addNameRange     '2.0.0-pre-HZO3BMNG',
28 silly addNameRange     '2.0.0-pre-I0Z7U9OV' ] ]
29 verbose stack Error: No compatible version found: weinre@'*'
29 verbose stack Valid install targets:
29 verbose stack ["2.0.0-pre-H0WTHDO5-incubating","2.0.0-pre-H1GCS73N-incubating","2.0.0-pre-H3FWTQKQ-incubating","2.0.0-pre-H41DGW8S-incubating","2.0.0-pre-H8EOSCLN-incubating","2.0.0-pre-H9PU2WST-incubating","2.0.0-pre-HA5N9T49","2.0.0-pre-HG9PLCRF","2.0.0-pre-HH0SN197","2.0.0-pre-HYFXM3QM","2.0.0-pre-HZ79PDUK","2.0.0-pre-HZO3BMNG","2.0.0-pre-I0Z7U9OV"]
29 verbose stack
29 verbose stack     at installTargetsError (/home/miguel/.nvm/v0.12.2/lib/node_modules/npm/lib/cache/add-named.js:274:12)
29 verbose stack     at next (/home/miguel/.nvm/v0.12.2/lib/node_modules/npm/lib/cache/add-named.js:253:17)
29 verbose stack     at setData (/home/miguel/.nvm/v0.12.2/lib/node_modules/npm/lib/cache/add-named.js:230:5)
29 verbose stack     at RES (/home/miguel/.nvm/v0.12.2/lib/node_modules/npm/node_modules/inflight/inflight.js:23:14)
29 verbose stack     at f (/home/miguel/.nvm/v0.12.2/lib/node_modules/npm/node_modules/once/once.js:17:25)
29 verbose stack     at fixName (/home/miguel/.nvm/v0.12.2/lib/node_modules/npm/lib/cache/add-named.js:29:5)
29 verbose stack     at saved (/home/miguel/.nvm/v0.12.2/lib/node_modules/npm/lib/cache/caching-client.js:173:7)
29 verbose stack     at /home/miguel/.nvm/v0.12.2/lib/node_modules/npm/node_modules/graceful-fs/polyfills.js:210:7
29 verbose stack     at FSReqWrap.oncomplete (fs.js:95:15)
30 verbose cwd /home/miguel/cordova/cordova-exhibition
31 error Linux 3.16.0-44-generic
32 error argv "node" "/home/miguel/.nvm/v0.12.2/bin/npm" "-g" "install" "weinre"
33 error node v0.12.2
34 error npm  v2.13.0
35 error code ETARGET
36 error notarget No compatible version found: weinre@'*'
36 error notarget Valid install targets:
36 error notarget ["2.0.0-pre-H0WTHDO5-incubating","2.0.0-pre-H1GCS73N-incubating","2.0.0-pre-H3FWTQKQ-incubating","2.0.0-pre-H41DGW8S-incubating","2.0.0-pre-H8EOSCLN-incubating","2.0.0-pre-H9PU2WST-incubating","2.0.0-pre-HA5N9T49","2.0.0-pre-HG9PLCRF","2.0.0-pre-HH0SN197","2.0.0-pre-HYFXM3QM","2.0.0-pre-HZ79PDUK","2.0.0-pre-HZO3BMNG","2.0.0-pre-I0Z7U9OV"]
36 error notarget
36 error notarget This is most likely not a problem with npm itself.
36 error notarget In most cases you or one of your dependencies are requesting
36 error notarget a package version that doesn't exist.
37 verbose exit [ 1, true ]
